<?xml version="1.0" encoding="UTF-8"?>
<!-- Generated by org.testng.reporters.JUnitReportReporter -->
<testsuite hostname="Ravisankaran" failures="0" tests="3" name="Handling_Invocation" time="0.009" errors="0" timestamp="2022-11-13T12:25:35 IST" skipped="0">
  <testcase classname="Handling_Invocation" name="doLogin" time="0.001"/>
  <system-out/>
  <testcase classname="Handling_Invocation" name="doLogin" time="0.006"/>
  <system-out/>
  <testcase classname="Handling_Invocation" name="doLogin" time="0.002"/>
  <system-out/>
</testsuite> <!-- Handling_Invocation -->
