<?xml version="1.0" encoding="UTF-8"?>
<!-- Generated by org.testng.reporters.JUnitReportReporter -->
<testsuite hostname="Ravisankaran" failures="0" tests="7" name="Handling_Parametrization" time="0.033" errors="0" timestamp="2022-11-13T11:36:18 IST" skipped="0">
  <testcase classname="Handling_Parametrization" name="Registration" time="0.001"/>
  <system-out/>
  <testcase classname="Handling_Parametrization" name="login" time="0.010"/>
  <system-out/>
  <testcase classname="Handling_Parametrization" name="Registration" time="0.000"/>
  <system-out/>
  <testcase classname="Handling_Parametrization" name="login" time="0.001"/>
  <system-out/>
  <testcase classname="Handling_Parametrization" name="Registration" time="0.007"/>
  <system-out/>
  <testcase classname="Handling_Parametrization" name="login" time="0.001"/>
  <system-out/>
  <testcase classname="Handling_Parametrization" name="Registration" time="0.013"/>
  <system-out/>
</testsuite> <!-- Handling_Parametrization -->
