<?xml version="1.0" encoding="UTF-8"?>
<!-- Generated by org.testng.reporters.JUnitReportReporter -->
<testsuite hostname="Ravisankaran" failures="0" tests="6" name="TestCaseOne" time="0.024" errors="0" timestamp="2022-11-19T11:36:04 IST" skipped="0">
  <testcase classname="TestCaseOne" name="doLoginTest" time="0.004"/>
  <system-out/>
  <testcase classname="TestCaseOne" name="ForgetPassword" time="0.003"/>
  <system-out/>
  <testcase classname="TestCaseOne" name="UpdateAuthentication" time="0.005"/>
  <system-out/>
  <testcase classname="TestCaseOne" name="editPersonalDetails" time="0.005"/>
  <system-out/>
  <testcase classname="TestCaseOne" name="Contactus" time="0.005"/>
  <system-out/>
  <testcase classname="TestCaseOne" name="ecommerceTest" time="0.002"/>
  <system-out/>
</testsuite> <!-- TestCaseOne -->
