<?xml version="1.0" encoding="UTF-8"?>
<!-- Generated by org.testng.reporters.JUnitReportReporter -->
<testsuite hostname="Ravisankaran" failures="0" tests="1" name="FirstTestcase" time="0.018" errors="0" timestamp="2022-11-19T11:36:04 IST" skipped="0">
  <testcase classname="FirstTestcase" name="EcommerceTest" time="0.018"/>
  <system-out/>
</testsuite> <!-- FirstTestcase -->
